{"failedCount":1,"prefixedPath":"src\/test\/java\/features\/apipet.feature","packageQualifiedName":"src.test.java.features.apipet","loopIndex":-1,"relativePath":"src\/test\/java\/features\/apipet.feature","scenarioResults":[{"sectionIndex":0,"stepResults":[{"result":{"nanos":0,"errorMessage":">> src\/test\/java\/features\/apipet.feature:3\n>> karate-config.js failed\n>> js failed:\n>>>>\n01: ()\n<<<<\norg.graalvm.polyglot.PolyglotException: SyntaxError: Unnamed:1:2 Expected => but found eof\n()\n  ^\n\n- org.graalvm.polyglot.Context.eval(Context.java:401)\n- com.intuit.karate.graal.JsEngine.evalForValue(JsEngine.java:141)\n- com.intuit.karate.graal.JsEngine.eval(JsEngine.java:137)\n- com.intuit.karate.core.ScenarioEngine.evalJs(ScenarioEngine.java:1344)\n- com.intuit.karate.core.ScenarioRuntime.evalConfigJs(ScenarioRuntime.java:313)\n- com.intuit.karate.core.ScenarioRuntime.beforeRun(ScenarioRuntime.java:398)\n- com.intuit.karate.core.ScenarioRuntime.run(ScenarioRuntime.java:430)\n\njs failed:\n>>>>\n<<<<\ncom.intuit.karate.KarateException: js failed:\n>>>>\n01: ()\n<<<<\norg.graalvm.polyglot.PolyglotException: SyntaxError: Unnamed:1:2 Expected => but found eof\n()\n  ^\n\n- org.graalvm.polyglot.Context.eval(Context.java:401)\n- com.intuit.karate.graal.JsEngine.evalForValue(JsEngine.java:141)\n- com.intuit.karate.graal.JsEngine.eval(JsEngine.java:137)\n- com.intuit.karate.core.ScenarioEngine.evalJs(ScenarioEngine.java:1344)\n- com.intuit.karate.core.ScenarioRuntime.evalConfigJs(ScenarioRuntime.java:313)\n- com.intuit.karate.core.ScenarioRuntime.beforeRun(ScenarioRuntime.java:398)\n- com.intuit.karate.core.ScenarioRuntime.run(ScenarioRuntime.java:430)\n\n- com.intuit.karate.graal.JsEngine.fromJsEvalException(JsEngine.java:233)\n- com.intuit.karate.core.ScenarioEngine.evalJs(ScenarioEngine.java:1346)\n- com.intuit.karate.core.ScenarioRuntime.evalConfigJs(ScenarioRuntime.java:313)\n- com.intuit.karate.core.ScenarioRuntime.beforeRun(ScenarioRuntime.java:398)\n- com.intuit.karate.core.ScenarioRuntime.run(ScenarioRuntime.java:430)\n- com.intuit.karate.core.FeatureRuntime.processScenario(FeatureRuntime.java:182)\n- java.base\/java.util.stream.ReferencePipeline$2$1.accept(ReferencePipeline.java:179)\n\nsrc\/test\/java\/features\/apipet.feature:4","millis":0.0,"status":"failed"},"step":{"line":4,"prefix":"Given","index":0,"text":"url 'https:\/\/petstore.swagger.io\/v2\/pet'"},"stepLog":"13:35:47.440 src\/test\/java\/features\/apipet.feature:4\nGiven url 'https:\/\/petstore.swagger.io\/v2\/pet'\n>> src\/test\/java\/features\/apipet.feature:3\n>> karate-config.js failed\n>> js failed:\n>>>>\n01: ()\n<<<<\norg.graalvm.polyglot.PolyglotException: SyntaxError: Unnamed:1:2 Expected => but found eof\n()\n  ^\n\n- org.graalvm.polyglot.Context.eval(Context.java:401)\n- com.intuit.karate.graal.JsEngine.evalForValue(JsEngine.java:141)\n- com.intuit.karate.graal.JsEngine.eval(JsEngine.java:137)\n- com.intuit.karate.core.ScenarioEngine.evalJs(ScenarioEngine.java:1344)\n- com.intuit.karate.core.ScenarioRuntime.evalConfigJs(ScenarioRuntime.java:313)\n- com.intuit.karate.core.ScenarioRuntime.beforeRun(ScenarioRuntime.java:398)\n- com.intuit.karate.core.ScenarioRuntime.run(ScenarioRuntime.java:430)\n\njs failed:\n>>>>\n<<<<\ncom.intuit.karate.KarateException: js failed:\n>>>>\n01: ()\n<<<<\norg.graalvm.polyglot.PolyglotException: SyntaxError: Unnamed:1:2 Expected => but found eof\n()\n  ^\n\n- org.graalvm.polyglot.Context.eval(Context.java:401)\n- com.intuit.karate.graal.JsEngine.evalForValue(JsEngine.java:141)\n- com.intuit.karate.graal.JsEngine.eval(JsEngine.java:137)\n- com.intuit.karate.core.ScenarioEngine.evalJs(ScenarioEngine.java:1344)\n- com.intuit.karate.core.ScenarioRuntime.evalConfigJs(ScenarioRuntime.java:313)\n- com.intuit.karate.core.ScenarioRuntime.beforeRun(ScenarioRuntime.java:398)\n- com.intuit.karate.core.ScenarioRuntime.run(ScenarioRuntime.java:430)\n\n- com.intuit.karate.graal.JsEngine.fromJsEvalException(JsEngine.java:233)\n- com.intuit.karate.core.ScenarioEngine.evalJs(ScenarioEngine.java:1346)\n- com.intuit.karate.core.ScenarioRuntime.evalConfigJs(ScenarioRuntime.java:313)\n- com.intuit.karate.core.ScenarioRuntime.beforeRun(ScenarioRuntime.java:398)\n- com.intuit.karate.core.ScenarioRuntime.run(ScenarioRuntime.java:430)\n- com.intuit.karate.core.FeatureRuntime.processScenario(FeatureRuntime.java:182)\n- java.base\/java.util.stream.ReferencePipeline$2$1.accept(ReferencePipeline.java:179)\n\nsrc\/test\/java\/features\/apipet.feature:4\n"},{"result":{"nanos":0,"errorMessage":">> src\/test\/java\/features\/apipet.feature:3\n>> karate-config.js failed\n>> js failed:\n>>>>\n01: ()\n<<<<\norg.graalvm.polyglot.PolyglotException: SyntaxError: Unnamed:1:2 Expected => but found eof\n()\n  ^\n\n- org.graalvm.polyglot.Context.eval(Context.java:401)\n- com.intuit.karate.graal.JsEngine.evalForValue(JsEngine.java:141)\n- com.intuit.karate.graal.JsEngine.eval(JsEngine.java:137)\n- com.intuit.karate.core.ScenarioEngine.evalJs(ScenarioEngine.java:1344)\n- com.intuit.karate.core.ScenarioRuntime.evalConfigJs(ScenarioRuntime.java:313)\n- com.intuit.karate.core.ScenarioRuntime.beforeRun(ScenarioRuntime.java:398)\n- com.intuit.karate.core.ScenarioRuntime.run(ScenarioRuntime.java:430)\n\njs failed:\n>>>>\n<<<<\ncom.intuit.karate.KarateException: js failed:\n>>>>\n01: ()\n<<<<\norg.graalvm.polyglot.PolyglotException: SyntaxError: Unnamed:1:2 Expected => but found eof\n()\n  ^\n\n- org.graalvm.polyglot.Context.eval(Context.java:401)\n- com.intuit.karate.graal.JsEngine.evalForValue(JsEngine.java:141)\n- com.intuit.karate.graal.JsEngine.eval(JsEngine.java:137)\n- com.intuit.karate.core.ScenarioEngine.evalJs(ScenarioEngine.java:1344)\n- com.intuit.karate.core.ScenarioRuntime.evalConfigJs(ScenarioRuntime.java:313)\n- com.intuit.karate.core.ScenarioRuntime.beforeRun(ScenarioRuntime.java:398)\n- com.intuit.karate.core.ScenarioRuntime.run(ScenarioRuntime.java:430)\n\n- com.intuit.karate.graal.JsEngine.fromJsEvalException(JsEngine.java:233)\n- com.intuit.karate.core.ScenarioEngine.evalJs(ScenarioEngine.java:1346)\n- com.intuit.karate.core.ScenarioRuntime.evalConfigJs(ScenarioRuntime.java:313)\n- com.intuit.karate.core.ScenarioRuntime.beforeRun(ScenarioRuntime.java:398)\n- com.intuit.karate.core.ScenarioRuntime.run(ScenarioRuntime.java:430)\n- com.intuit.karate.core.FeatureRuntime.processScenario(FeatureRuntime.java:182)\n- java.base\/java.util.stream.ReferencePipeline$2$1.accept(ReferencePipeline.java:179)\n\nsrc\/test\/java\/features\/apipet.feature:4\nsrc\/test\/java\/features\/apipet.feature:5","millis":0.0,"status":"failed"},"step":{"line":5,"prefix":"When","index":1,"text":"method GET"},"stepLog":"13:35:47.440 src\/test\/java\/features\/apipet.feature:5\nWhen method GET\n>> src\/test\/java\/features\/apipet.feature:3\n>> karate-config.js failed\n>> js failed:\n>>>>\n01: ()\n<<<<\norg.graalvm.polyglot.PolyglotException: SyntaxError: Unnamed:1:2 Expected => but found eof\n()\n  ^\n\n- org.graalvm.polyglot.Context.eval(Context.java:401)\n- com.intuit.karate.graal.JsEngine.evalForValue(JsEngine.java:141)\n- com.intuit.karate.graal.JsEngine.eval(JsEngine.java:137)\n- com.intuit.karate.core.ScenarioEngine.evalJs(ScenarioEngine.java:1344)\n- com.intuit.karate.core.ScenarioRuntime.evalConfigJs(ScenarioRuntime.java:313)\n- com.intuit.karate.core.ScenarioRuntime.beforeRun(ScenarioRuntime.java:398)\n- com.intuit.karate.core.ScenarioRuntime.run(ScenarioRuntime.java:430)\n\njs failed:\n>>>>\n<<<<\ncom.intuit.karate.KarateException: js failed:\n>>>>\n01: ()\n<<<<\norg.graalvm.polyglot.PolyglotException: SyntaxError: Unnamed:1:2 Expected => but found eof\n()\n  ^\n\n- org.graalvm.polyglot.Context.eval(Context.java:401)\n- com.intuit.karate.graal.JsEngine.evalForValue(JsEngine.java:141)\n- com.intuit.karate.graal.JsEngine.eval(JsEngine.java:137)\n- com.intuit.karate.core.ScenarioEngine.evalJs(ScenarioEngine.java:1344)\n- com.intuit.karate.core.ScenarioRuntime.evalConfigJs(ScenarioRuntime.java:313)\n- com.intuit.karate.core.ScenarioRuntime.beforeRun(ScenarioRuntime.java:398)\n- com.intuit.karate.core.ScenarioRuntime.run(ScenarioRuntime.java:430)\n\n- com.intuit.karate.graal.JsEngine.fromJsEvalException(JsEngine.java:233)\n- com.intuit.karate.core.ScenarioEngine.evalJs(ScenarioEngine.java:1346)\n- com.intuit.karate.core.ScenarioRuntime.evalConfigJs(ScenarioRuntime.java:313)\n- com.intuit.karate.core.ScenarioRuntime.beforeRun(ScenarioRuntime.java:398)\n- com.intuit.karate.core.ScenarioRuntime.run(ScenarioRuntime.java:430)\n- com.intuit.karate.core.FeatureRuntime.processScenario(FeatureRuntime.java:182)\n- java.base\/java.util.stream.ReferencePipeline$2$1.accept(ReferencePipeline.java:179)\n\nsrc\/test\/java\/features\/apipet.feature:4\nsrc\/test\/java\/features\/apipet.feature:5\n"},{"result":{"nanos":0,"errorMessage":">> src\/test\/java\/features\/apipet.feature:3\n>> karate-config.js failed\n>> js failed:\n>>>>\n01: ()\n<<<<\norg.graalvm.polyglot.PolyglotException: SyntaxError: Unnamed:1:2 Expected => but found eof\n()\n  ^\n\n- org.graalvm.polyglot.Context.eval(Context.java:401)\n- com.intuit.karate.graal.JsEngine.evalForValue(JsEngine.java:141)\n- com.intuit.karate.graal.JsEngine.eval(JsEngine.java:137)\n- com.intuit.karate.core.ScenarioEngine.evalJs(ScenarioEngine.java:1344)\n- com.intuit.karate.core.ScenarioRuntime.evalConfigJs(ScenarioRuntime.java:313)\n- com.intuit.karate.core.ScenarioRuntime.beforeRun(ScenarioRuntime.java:398)\n- com.intuit.karate.core.ScenarioRuntime.run(ScenarioRuntime.java:430)\n\njs failed:\n>>>>\n<<<<\ncom.intuit.karate.KarateException: js failed:\n>>>>\n01: ()\n<<<<\norg.graalvm.polyglot.PolyglotException: SyntaxError: Unnamed:1:2 Expected => but found eof\n()\n  ^\n\n- org.graalvm.polyglot.Context.eval(Context.java:401)\n- com.intuit.karate.graal.JsEngine.evalForValue(JsEngine.java:141)\n- com.intuit.karate.graal.JsEngine.eval(JsEngine.java:137)\n- com.intuit.karate.core.ScenarioEngine.evalJs(ScenarioEngine.java:1344)\n- com.intuit.karate.core.ScenarioRuntime.evalConfigJs(ScenarioRuntime.java:313)\n- com.intuit.karate.core.ScenarioRuntime.beforeRun(ScenarioRuntime.java:398)\n- com.intuit.karate.core.ScenarioRuntime.run(ScenarioRuntime.java:430)\n\n- com.intuit.karate.graal.JsEngine.fromJsEvalException(JsEngine.java:233)\n- com.intuit.karate.core.ScenarioEngine.evalJs(ScenarioEngine.java:1346)\n- com.intuit.karate.core.ScenarioRuntime.evalConfigJs(ScenarioRuntime.java:313)\n- com.intuit.karate.core.ScenarioRuntime.beforeRun(ScenarioRuntime.java:398)\n- com.intuit.karate.core.ScenarioRuntime.run(ScenarioRuntime.java:430)\n- com.intuit.karate.core.FeatureRuntime.processScenario(FeatureRuntime.java:182)\n- java.base\/java.util.stream.ReferencePipeline$2$1.accept(ReferencePipeline.java:179)\n\nsrc\/test\/java\/features\/apipet.feature:4\nsrc\/test\/java\/features\/apipet.feature:5\nsrc\/test\/java\/features\/apipet.feature:6","millis":0.0,"status":"failed"},"step":{"line":6,"prefix":"Then","index":2,"text":"status 200"},"stepLog":"13:35:47.440 src\/test\/java\/features\/apipet.feature:6\nThen status 200\n>> src\/test\/java\/features\/apipet.feature:3\n>> karate-config.js failed\n>> js failed:\n>>>>\n01: ()\n<<<<\norg.graalvm.polyglot.PolyglotException: SyntaxError: Unnamed:1:2 Expected => but found eof\n()\n  ^\n\n- org.graalvm.polyglot.Context.eval(Context.java:401)\n- com.intuit.karate.graal.JsEngine.evalForValue(JsEngine.java:141)\n- com.intuit.karate.graal.JsEngine.eval(JsEngine.java:137)\n- com.intuit.karate.core.ScenarioEngine.evalJs(ScenarioEngine.java:1344)\n- com.intuit.karate.core.ScenarioRuntime.evalConfigJs(ScenarioRuntime.java:313)\n- com.intuit.karate.core.ScenarioRuntime.beforeRun(ScenarioRuntime.java:398)\n- com.intuit.karate.core.ScenarioRuntime.run(ScenarioRuntime.java:430)\n\njs failed:\n>>>>\n<<<<\ncom.intuit.karate.KarateException: js failed:\n>>>>\n01: ()\n<<<<\norg.graalvm.polyglot.PolyglotException: SyntaxError: Unnamed:1:2 Expected => but found eof\n()\n  ^\n\n- org.graalvm.polyglot.Context.eval(Context.java:401)\n- com.intuit.karate.graal.JsEngine.evalForValue(JsEngine.java:141)\n- com.intuit.karate.graal.JsEngine.eval(JsEngine.java:137)\n- com.intuit.karate.core.ScenarioEngine.evalJs(ScenarioEngine.java:1344)\n- com.intuit.karate.core.ScenarioRuntime.evalConfigJs(ScenarioRuntime.java:313)\n- com.intuit.karate.core.ScenarioRuntime.beforeRun(ScenarioRuntime.java:398)\n- com.intuit.karate.core.ScenarioRuntime.run(ScenarioRuntime.java:430)\n\n- com.intuit.karate.graal.JsEngine.fromJsEvalException(JsEngine.java:233)\n- com.intuit.karate.core.ScenarioEngine.evalJs(ScenarioEngine.java:1346)\n- com.intuit.karate.core.ScenarioRuntime.evalConfigJs(ScenarioRuntime.java:313)\n- com.intuit.karate.core.ScenarioRuntime.beforeRun(ScenarioRuntime.java:398)\n- com.intuit.karate.core.ScenarioRuntime.run(ScenarioRuntime.java:430)\n- com.intuit.karate.core.FeatureRuntime.processScenario(FeatureRuntime.java:182)\n- java.base\/java.util.stream.ReferencePipeline$2$1.accept(ReferencePipeline.java:179)\n\nsrc\/test\/java\/features\/apipet.feature:4\nsrc\/test\/java\/features\/apipet.feature:5\nsrc\/test\/java\/features\/apipet.feature:6\n"}],"line":3,"description":"","durationMillis":0.0,"failed":true,"error":">> src\/test\/java\/features\/apipet.feature:3\n>> karate-config.js failed\n>> js failed:\n>>>>\n01: ()\n<<<<\norg.graalvm.polyglot.PolyglotException: SyntaxError: Unnamed:1:2 Expected => but found eof\n()\n  ^\n\n- org.graalvm.polyglot.Context.eval(Context.java:401)\n- com.intuit.karate.graal.JsEngine.evalForValue(JsEngine.java:141)\n- com.intuit.karate.graal.JsEngine.eval(JsEngine.java:137)\n- com.intuit.karate.core.ScenarioEngine.evalJs(ScenarioEngine.java:1344)\n- com.intuit.karate.core.ScenarioRuntime.evalConfigJs(ScenarioRuntime.java:313)\n- com.intuit.karate.core.ScenarioRuntime.beforeRun(ScenarioRuntime.java:398)\n- com.intuit.karate.core.ScenarioRuntime.run(ScenarioRuntime.java:430)\n\njs failed:\n>>>>\n<<<<\ncom.intuit.karate.KarateException: js failed:\n>>>>\n01: ()\n<<<<\norg.graalvm.polyglot.PolyglotException: SyntaxError: Unnamed:1:2 Expected => but found eof\n()\n  ^\n\n- org.graalvm.polyglot.Context.eval(Context.java:401)\n- com.intuit.karate.graal.JsEngine.evalForValue(JsEngine.java:141)\n- com.intuit.karate.graal.JsEngine.eval(JsEngine.java:137)\n- com.intuit.karate.core.ScenarioEngine.evalJs(ScenarioEngine.java:1344)\n- com.intuit.karate.core.ScenarioRuntime.evalConfigJs(ScenarioRuntime.java:313)\n- com.intuit.karate.core.ScenarioRuntime.beforeRun(ScenarioRuntime.java:398)\n- com.intuit.karate.core.ScenarioRuntime.run(ScenarioRuntime.java:430)\n\n- com.intuit.karate.graal.JsEngine.fromJsEvalException(JsEngine.java:233)\n- com.intuit.karate.core.ScenarioEngine.evalJs(ScenarioEngine.java:1346)\n- com.intuit.karate.core.ScenarioRuntime.evalConfigJs(ScenarioRuntime.java:313)\n- com.intuit.karate.core.ScenarioRuntime.beforeRun(ScenarioRuntime.java:398)\n- com.intuit.karate.core.ScenarioRuntime.run(ScenarioRuntime.java:430)\n- com.intuit.karate.core.FeatureRuntime.processScenario(FeatureRuntime.java:182)\n- java.base\/java.util.stream.ReferencePipeline$2$1.accept(ReferencePipeline.java:179)\n\nsrc\/test\/java\/features\/apipet.feature:4\nsrc\/test\/java\/features\/apipet.feature:5\nsrc\/test\/java\/features\/apipet.feature:6","executorName":"main","name":"crear cliente","startTime":1734546947314,"refId":"[1:3]","endTime":1734546947440,"exampleIndex":-1}],"callDepth":0,"name":"Yo como usuario de PET quiere crear un cliente para tener informacion","description":"","resultDate":"2024-12-18 01:35:47 p.Â m.","durationMillis":0.0,"passedCount":0}